<?xml version="1.0" encoding="UTF-8"?>
<!-- Generated by org.testng.reporters.JUnitReportReporter -->
<testsuite skipped="0" hostname="Jigna-Patel" name="com.luma.AppTest" tests="1" failures="0" timestamp="16 May 2023 10:41:02 GMT" time="0.032" errors="0">
  <testcase name="testApp" time="0.032" classname="com.luma.AppTest"/>
</testsuite> <!-- com.luma.AppTest -->
